# JRE version: OpenJDK Runtime Environment (8.0_212-b04) (build 1.8.0_212-release-1586-b4)
# Java VM: OpenJDK 64-Bit Server VM (25.212-b4 mixed mode windows-amd64 compressed oops)
Heap:
 PSYoungGen      total 146944K, used 37728K [0x00000000f5580000, 0x00000000ffe00000, 0x0000000100000000)
  eden space 121856K, 25% used [0x00000000f5580000,0x00000000f741fb18,0x00000000fcc80000)
  from space 25088K, 25% used [0x00000000fe580000,0x00000000febb8790,0x00000000ffe00000)
  to   space 6656K, 0% used [0x00000000fcc80000,0x00000000fcc80000,0x00000000fd300000)
 ParOldGen       total 175104K, used 121223K [0x00000000e0000000, 0x00000000eab00000, 0x00000000f5580000)
  object space 175104K, 69% used [0x00000000e0000000,0x00000000e7661ec8,0x00000000eab00000)
 Metaspace       used 17221K, capacity 17342K, committed 17536K, reserved 1064960K
  class space    used 1834K, capacity 1879K, committed 1920K, reserved 1048576K
GC Heap History (10 events):
Event: 4.429 GC heap before
{Heap before GC invocations=16 (full 0):
 PSYoungGen      total 147456K, used 126412K [0x00000000f5580000, 0x0000000100000000, 0x0000000100000000)
  eden space 120320K, 100% used [0x00000000f5580000,0x00000000fcb00000,0x00000000fcb00000)
  from space 27136K, 22% used [0x00000000fcb00000,0x00000000fd0f3230,0x00000000fe580000)
  to   space 27136K, 0% used [0x00000000fe580000,0x00000000fe580000,0x0000000100000000)
 ParOldGen       total 175104K, used 98826K [0x00000000e0000000, 0x00000000eab00000, 0x00000000f5580000)
  object space 175104K, 56% used [0x00000000e0000000,0x00000000e6082880,0x00000000eab00000)
 Metaspace       used 17156K, capacity 17342K, committed 17536K, reserved 1064960K
  class space    used 1831K, capacity 1879K, committed 1920K, reserved 1048576K
Event: 4.439 GC heap after
Heap after GC invocations=16 (full 0):
 PSYoungGen      total 146432K, used 6027K [0x00000000f5580000, 0x00000000fff00000, 0x0000000100000000)
  eden space 120320K, 0% used [0x00000000f5580000,0x00000000f5580000,0x00000000fcb00000)
  from space 26112K, 23% used [0x00000000fe580000,0x00000000feb62d48,0x00000000fff00000)
  to   space 26624K, 0% used [0x00000000fcb00000,0x00000000fcb00000,0x00000000fe500000)
 ParOldGen       total 175104K, used 103259K [0x00000000e0000000, 0x00000000eab00000, 0x00000000f5580000)
  object space 175104K, 58% used [0x00000000e0000000,0x00000000e64d6f98,0x00000000eab00000)
 Metaspace       used 17156K, capacity 17342K, committed 17536K, reserved 1064960K
  class space    used 1831K, capacity 1879K, committed 1920K, reserved 1048576K
}
Event: 4.591 GC heap before
{Heap before GC invocations=17 (full 0):
 PSYoungGen      total 146432K, used 126347K [0x00000000f5580000, 0x00000000fff00000, 0x0000000100000000)
  eden space 120320K, 100% used [0x00000000f5580000,0x00000000fcb00000,0x00000000fcb00000)
  from space 26112K, 23% used [0x00000000fe580000,0x00000000feb62d48,0x00000000fff00000)
  to   space 26624K, 0% used [0x00000000fcb00000,0x00000000fcb00000,0x00000000fe500000)
 ParOldGen       total 175104K, used 103259K [0x00000000e0000000, 0x00000000eab00000, 0x00000000f5580000)
  object space 175104K, 58% used [0x00000000e0000000,0x00000000e64d6f98,0x00000000eab00000)
 Metaspace       used 17171K, capacity 17342K, committed 17536K, reserved 1064960K
  class space    used 1832K, capacity 1879K, committed 1920K, reserved 1048576K
Event: 4.600 GC heap after
Heap after GC invocations=17 (full 0):
 PSYoungGen      total 146944K, used 6160K [0x00000000f5580000, 0x00000000fff80000, 0x0000000100000000)
  eden space 120320K, 0% used [0x00000000f5580000,0x00000000f5580000,0x00000000fcb00000)
  from space 26624K, 23% used [0x00000000fcb00000,0x00000000fd104030,0x00000000fe500000)
  to   space 26112K, 0% used [0x00000000fe600000,0x00000000fe600000,0x00000000fff80000)
 ParOldGen       total 175104K, used 107689K [0x00000000e0000000, 0x00000000eab00000, 0x00000000f5580000)
  object space 175104K, 61% used [0x00000000e0000000,0x00000000e692a480,0x00000000eab00000)
 Metaspace       used 17171K, capacity 17342K, committed 17536K, reserved 1064960K
  class space    used 1832K, capacity 1879K, committed 1920K, reserved 1048576K
}
Event: 4.752 GC heap before
{Heap before GC invocations=18 (full 0):
 PSYoungGen      total 146944K, used 126480K [0x00000000f5580000, 0x00000000fff80000, 0x0000000100000000)
  eden space 120320K, 100% used [0x00000000f5580000,0x00000000fcb00000,0x00000000fcb00000)
  from space 26624K, 23% used [0x00000000fcb00000,0x00000000fd104030,0x00000000fe500000)
  to   space 26112K, 0% used [0x00000000fe600000,0x00000000fe600000,0x00000000fff80000)
 ParOldGen       total 175104K, used 107689K [0x00000000e0000000, 0x00000000eab00000, 0x00000000f5580000)
  object space 175104K, 61% used [0x00000000e0000000,0x00000000e692a480,0x00000000eab00000)
 Metaspace       used 17189K, capacity 17342K, committed 17536K, reserved 1064960K
  class space    used 1832K, capacity 1879K, committed 1920K, reserved 1048576K
Event: 4.759 GC heap after
Heap after GC invocations=18 (full 0):
 PSYoungGen      total 147968K, used 5440K [0x00000000f5580000, 0x00000000fff80000, 0x0000000100000000)
  eden space 121856K, 0% used [0x00000000f5580000,0x00000000f5580000,0x00000000fcc80000)
  from space 26112K, 20% used [0x00000000fe600000,0x00000000feb50010,0x00000000fff80000)
  to   space 26112K, 0% used [0x00000000fcc80000,0x00000000fcc80000,0x00000000fe600000)
 ParOldGen       total 175104K, used 112010K [0x00000000e0000000, 0x00000000eab00000, 0x00000000f5580000)
  object space 175104K, 63% used [0x00000000e0000000,0x00000000e6d629c8,0x00000000eab00000)
 Metaspace       used 17189K, capacity 17342K, committed 17536K, reserved 1064960K
  class space    used 1832K, capacity 1879K, committed 1920K, reserved 1048576K
}
Event: 4.881 GC heap before
{Heap before GC invocations=19 (full 0):
 PSYoungGen      total 147968K, used 127296K [0x00000000f5580000, 0x00000000fff80000, 0x0000000100000000)
  eden space 121856K, 100% used [0x00000000f5580000,0x00000000fcc80000,0x00000000fcc80000)
  from space 26112K, 20% used [0x00000000fe600000,0x00000000feb50010,0x00000000fff80000)
  to   space 26112K, 0% used [0x00000000fcc80000,0x00000000fcc80000,0x00000000fe600000)
 ParOldGen       total 175104K, used 112010K [0x00000000e0000000, 0x00000000eab00000, 0x00000000f5580000)
  object space 175104K, 63% used [0x00000000e0000000,0x00000000e6d629c8,0x00000000eab00000)
 Metaspace       used 17208K, capacity 17342K, committed 17536K, reserved 1064960K
  class space    used 1834K, capacity 1879K, committed 1920K, reserved 1048576K
Event: 4.890 GC heap after
Heap after GC invocations=19 (full 0):
 PSYoungGen      total 128512K, used 6192K [0x00000000f5580000, 0x00000000ffe00000, 0x0000000100000000)
  eden space 121856K, 0% used [0x00000000f5580000,0x00000000f5580000,0x00000000fcc80000)
  from space 6656K, 93% used [0x00000000fcc80000,0x00000000fd28c020,0x00000000fd300000)
  to   space 25088K, 0% used [0x00000000fe580000,0x00000000fe580000,0x00000000ffe00000)
 ParOldGen       total 175104K, used 116083K [0x00000000e0000000, 0x00000000eab00000, 0x00000000f5580000)
  object space 175104K, 66% used [0x00000000e0000000,0x00000000e715ce30,0x00000000eab00000)
 Metaspace       used 17208K, capacity 17342K, committed 17536K, reserved 1064960K
  class space    used 1834K, capacity 1879K, committed 1920K, reserved 1048576K
}
Event: 5.032 GC heap before
{Heap before GC invocations=20 (full 0):
 PSYoungGen      total 128512K, used 128048K [0x00000000f5580000, 0x00000000ffe00000, 0x0000000100000000)
  eden space 121856K, 100% used [0x00000000f5580000,0x00000000fcc80000,0x00000000fcc80000)
  from space 6656K, 93% used [0x00000000fcc80000,0x00000000fd28c020,0x00000000fd300000)
  to   space 25088K, 0% used [0x00000000fe580000,0x00000000fe580000,0x00000000ffe00000)
 ParOldGen       total 175104K, used 116083K [0x00000000e0000000, 0x00000000eab00000, 0x00000000f5580000)
  object space 175104K, 66% used [0x00000000e0000000,0x00000000e715ce30,0x00000000eab00000)
 Metaspace       used 17210K, capacity 17342K, committed 17536K, reserved 1064960K
  class space    used 1834K, capacity 1879K, committed 1920K, reserved 1048576K
Event: 5.042 GC heap after
Heap after GC invocations=20 (full 0):
 PSYoungGen      total 146944K, used 6369K [0x00000000f5580000, 0x00000000ffe00000, 0x0000000100000000)
  eden space 121856K, 0% used [0x00000000f5580000,0x00000000f5580000,0x00000000fcc80000)
  from space 25088K, 25% used [0x00000000fe580000,0x00000000febb8790,0x00000000ffe00000)
  to   space 6656K, 0% used [0x00000000fcc80000,0x00000000fcc80000,0x00000000fd300000)
 ParOldGen       total 175104K, used 121223K [0x00000000e0000000, 0x00000000eab00000, 0x00000000f5580000)
  object space 175104K, 69% used [0x00000000e0000000,0x00000000e7661ec8,0x00000000eab00000)
 Metaspace       used 17210K, capacity 17342K, committed 17536K, reserved 1064960K
  class space    used 1834K, capacity 1879K, committed 1920K, reserved 1048576K
}

